<?xml version="1.0" encoding="UTF-8"?>
<!-- Generated by org.testng.reporters.JUnitXMLReporter -->
<testsuite ignored="0" hostname="JaikumarSundar" failures="0" tests="4" name="Test" time="0.027" errors="0" timestamp="29 Jul 2024 07:05:34 GMT">
  <testcase classname="package1.ContactTest" name="createContactTest" time="0.005"/>
  <testcase classname="package1.ContactTest" name="modifyContactTest" time="0.001"/>
  <testcase classname="package2.orgTest" name="createOrgTest" time="0.0"/>
  <testcase classname="package2.orgTest" name="modifyOrgTest" time="0.0"/>
</testsuite> <!-- Test -->
